<?xml version="1.0" encoding="UTF-8"?>
<!-- Generated by org.testng.reporters.JUnitReportReporter -->
<testsuite hostname="Pragti" failures="0" tests="1" name="testcases.NewddddTest" time="6.104" errors="0" timestamp="27 Feb 2024 08:32:14 GMT" skipped="0">
  <testcase classname="testcases.NewddddTest" name="fTest" time="6.104"/>
</testsuite> <!-- testcases.NewddddTest -->
