<?xml version="1.0" encoding="UTF-8"?>
<!-- Generated by org.testng.reporters.JUnitReportReporter -->
<testsuite hostname="Pragti" failures="0" tests="3" name="testcases.SampleTest" time="0.026" errors="0" timestamp="2024-02-14T15:35:45 IST" skipped="0">
  <testcase classname="testcases.SampleTest" name="sample2" time="0.005"/>
  <testcase classname="testcases.SampleTest" name="sample1" time="0.015"/>
  <testcase classname="testcases.SampleTest" name="sample3" time="0.006"/>
</testsuite> <!-- testcases.SampleTest -->
