<?xml version="1.0" encoding="UTF-8"?>
<!-- Generated by org.testng.reporters.JUnitReportReporter -->
<testsuite hostname="Pragti" failures="0" tests="1" name="testcases.LoginTest" time="16.381" errors="0" timestamp="2024-02-15T09:11:52 IST" skipped="0">
  <testcase classname="testcases.LoginTest" name="loginWithValidCredentials" time="16.381"/>
</testsuite> <!-- testcases.LoginTest -->
